  Animation.cpp
  Application.cpp
  Button.cpp
  Command.cpp
  CommandQueue.cpp
  Component.cpp
  Container.cpp
  DataTables.cpp
  EmitterNode.cpp
  Entity.cpp
  GameOverState.cpp
  GameState.cpp
  Label.cpp
  main.cpp
  MenuState.cpp
  MusicPlayer.cpp
  ParticleNode.cpp
  PauseState.cpp
  Pickup.cpp
  Player.cpp
  Génération de code en cours...
  Compilation en cours...
  Projectile.cpp
  pugixml.cpp
  SceneNode.cpp
  ScoresState.cpp
c:\users\thomas jacquemin\desktop\projets infos\cloud_carpenter\code\cloud_carpenter\cloud_carpenter\scoresstate.cpp(22): warning C4244: 'argument' : conversion de 'unsigned int' en 'float', perte possible de données
  ScrollingBackground.cpp
c:\users\thomas jacquemin\desktop\projets infos\cloud_carpenter\code\cloud_carpenter\cloud_carpenter\scrollingbackground.cpp(16): warning C4244: 'argument' : conversion de 'int' en 'float', perte possible de données
  SettingsState.cpp
  SoundNode.cpp
  SoundPlayer.cpp
  SkyObject.cpp
  SpriteNode.cpp
  State.cpp
  StateStack.cpp
  TextNode.cpp
  TitleState.cpp
  Utility.cpp
  World.cpp
c:\users\thomas jacquemin\desktop\projets infos\cloud_carpenter\code\cloud_carpenter\cloud_carpenter\world.cpp(339): warning C4244: 'return' : conversion de 'const float' en 'int', perte possible de données
  Génération de code en cours...
  cloud_carpenter.vcxproj -> C:\Users\Thomas Jacquemin\Desktop\Projets infos\cloud_carpenter\Code\cloud_carpenter\Debug\cloud_carpenter.exe
