c:\users\thomas jacquemin\desktop\projets infos\cloud_carpenter\code\cloud_carpenter\cloud_carpenter\x64\debug\vc141.pdb
c:\users\thomas jacquemin\desktop\projets infos\cloud_carpenter\code\cloud_carpenter\cloud_carpenter\x64\debug\vc141.idb
c:\users\thomas jacquemin\desktop\projets infos\cloud_carpenter\code\cloud_carpenter\cloud_carpenter\x64\debug\player.obj
c:\users\thomas jacquemin\desktop\projets infos\cloud_carpenter\code\cloud_carpenter\cloud_carpenter\x64\debug\pickup.obj
c:\users\thomas jacquemin\desktop\projets infos\cloud_carpenter\code\cloud_carpenter\cloud_carpenter\x64\debug\pausestate.obj
c:\users\thomas jacquemin\desktop\projets infos\cloud_carpenter\code\cloud_carpenter\cloud_carpenter\x64\debug\particlenode.obj
c:\users\thomas jacquemin\desktop\projets infos\cloud_carpenter\code\cloud_carpenter\cloud_carpenter\x64\debug\musicplayer.obj
c:\users\thomas jacquemin\desktop\projets infos\cloud_carpenter\code\cloud_carpenter\cloud_carpenter\x64\debug\menustate.obj
c:\users\thomas jacquemin\desktop\projets infos\cloud_carpenter\code\cloud_carpenter\cloud_carpenter\x64\debug\main.obj
c:\users\thomas jacquemin\desktop\projets infos\cloud_carpenter\code\cloud_carpenter\cloud_carpenter\x64\debug\label.obj
c:\users\thomas jacquemin\desktop\projets infos\cloud_carpenter\code\cloud_carpenter\cloud_carpenter\x64\debug\gamestate.obj
c:\users\thomas jacquemin\desktop\projets infos\cloud_carpenter\code\cloud_carpenter\cloud_carpenter\x64\debug\gameoverstate.obj
c:\users\thomas jacquemin\desktop\projets infos\cloud_carpenter\code\cloud_carpenter\cloud_carpenter\x64\debug\entity.obj
c:\users\thomas jacquemin\desktop\projets infos\cloud_carpenter\code\cloud_carpenter\cloud_carpenter\x64\debug\emitternode.obj
c:\users\thomas jacquemin\desktop\projets infos\cloud_carpenter\code\cloud_carpenter\cloud_carpenter\x64\debug\datatables.obj
c:\users\thomas jacquemin\desktop\projets infos\cloud_carpenter\code\cloud_carpenter\cloud_carpenter\x64\debug\container.obj
c:\users\thomas jacquemin\desktop\projets infos\cloud_carpenter\code\cloud_carpenter\cloud_carpenter\x64\debug\component.obj
c:\users\thomas jacquemin\desktop\projets infos\cloud_carpenter\code\cloud_carpenter\cloud_carpenter\x64\debug\commandqueue.obj
c:\users\thomas jacquemin\desktop\projets infos\cloud_carpenter\code\cloud_carpenter\cloud_carpenter\x64\debug\command.obj
c:\users\thomas jacquemin\desktop\projets infos\cloud_carpenter\code\cloud_carpenter\cloud_carpenter\x64\debug\button.obj
c:\users\thomas jacquemin\desktop\projets infos\cloud_carpenter\code\cloud_carpenter\cloud_carpenter\x64\debug\application.obj
c:\users\thomas jacquemin\desktop\projets infos\cloud_carpenter\code\cloud_carpenter\cloud_carpenter\x64\debug\animation.obj
c:\users\thomas jacquemin\desktop\projets infos\cloud_carpenter\code\cloud_carpenter\cloud_carpenter\x64\debug\world.obj
c:\users\thomas jacquemin\desktop\projets infos\cloud_carpenter\code\cloud_carpenter\cloud_carpenter\x64\debug\utility.obj
c:\users\thomas jacquemin\desktop\projets infos\cloud_carpenter\code\cloud_carpenter\cloud_carpenter\x64\debug\titlestate.obj
c:\users\thomas jacquemin\desktop\projets infos\cloud_carpenter\code\cloud_carpenter\cloud_carpenter\x64\debug\textnode.obj
c:\users\thomas jacquemin\desktop\projets infos\cloud_carpenter\code\cloud_carpenter\cloud_carpenter\x64\debug\statestack.obj
c:\users\thomas jacquemin\desktop\projets infos\cloud_carpenter\code\cloud_carpenter\cloud_carpenter\x64\debug\state.obj
c:\users\thomas jacquemin\desktop\projets infos\cloud_carpenter\code\cloud_carpenter\cloud_carpenter\x64\debug\spritenode.obj
c:\users\thomas jacquemin\desktop\projets infos\cloud_carpenter\code\cloud_carpenter\cloud_carpenter\x64\debug\skyobject.obj
c:\users\thomas jacquemin\desktop\projets infos\cloud_carpenter\code\cloud_carpenter\cloud_carpenter\x64\debug\soundplayer.obj
c:\users\thomas jacquemin\desktop\projets infos\cloud_carpenter\code\cloud_carpenter\cloud_carpenter\x64\debug\soundnode.obj
c:\users\thomas jacquemin\desktop\projets infos\cloud_carpenter\code\cloud_carpenter\cloud_carpenter\x64\debug\settingsstate.obj
c:\users\thomas jacquemin\desktop\projets infos\cloud_carpenter\code\cloud_carpenter\cloud_carpenter\x64\debug\scrollingbackground.obj
c:\users\thomas jacquemin\desktop\projets infos\cloud_carpenter\code\cloud_carpenter\cloud_carpenter\x64\debug\scoresstate.obj
c:\users\thomas jacquemin\desktop\projets infos\cloud_carpenter\code\cloud_carpenter\cloud_carpenter\x64\debug\scenenode.obj
c:\users\thomas jacquemin\desktop\projets infos\cloud_carpenter\code\cloud_carpenter\cloud_carpenter\x64\debug\pugixml.obj
c:\users\thomas jacquemin\desktop\projets infos\cloud_carpenter\code\cloud_carpenter\cloud_carpenter\x64\debug\projectile.obj
c:\users\thomas jacquemin\desktop\projets infos\cloud_carpenter\code\cloud_carpenter\cloud_carpenter\x64\debug\cloud_carpenter.tlog\cl.command.1.tlog
c:\users\thomas jacquemin\desktop\projets infos\cloud_carpenter\code\cloud_carpenter\cloud_carpenter\x64\debug\cloud_carpenter.tlog\cl.read.1.tlog
c:\users\thomas jacquemin\desktop\projets infos\cloud_carpenter\code\cloud_carpenter\cloud_carpenter\x64\debug\cloud_carpenter.tlog\cl.write.1.tlog
c:\users\thomas jacquemin\desktop\projets infos\cloud_carpenter\code\cloud_carpenter\cloud_carpenter\x64\debug\cloud_carpenter.tlog\link.command.1.tlog
c:\users\thomas jacquemin\desktop\projets infos\cloud_carpenter\code\cloud_carpenter\cloud_carpenter\x64\debug\cloud_carpenter.tlog\link.read.1.tlog
c:\users\thomas jacquemin\desktop\projets infos\cloud_carpenter\code\cloud_carpenter\cloud_carpenter\x64\debug\cloud_carpenter.tlog\link.write.1.tlog
